#
# There is insufficient memory for the Java Runtime Environment to continue.
# Native memory allocation (mmap) failed to map 65536 bytes for Failed to commit metaspace.
# Possible reasons:
#   The system is out of physical RAM or swap space
#   The process is running with CompressedOops enabled, and the Java Heap may be blocking the growth of the native heap
# Possible solutions:
#   Reduce memory load on the system
#   Increase physical memory or swap space
#   Check if swap backing store is full
#   Decrease Java heap size (-Xmx/-Xms)
#   Decrease number of Java threads
#   Decrease Java thread stack sizes (-Xss)
#   Set larger code cache with -XX:ReservedCodeCacheSize=
#   JVM is running with Unscaled Compressed Oops mode in which the Java heap is
#     placed in the first 4GB address space. The Java Heap base address is the
#     maximum limit for the native heap growth. Please use -XX:HeapBaseMinAddress
#     to set the Java Heap base and to place the Java Heap above 4GB virtual address.
# This output file may be truncated or incomplete.
#
#  Out of Memory Error (virtualSpaceNode.cpp:110), pid=18128, tid=16312
#
# JRE version: Java(TM) SE Runtime Environment (17.0.12+8) (build 17.0.12+8-LTS-286)
# Java VM: Java HotSpot(TM) 64-Bit Server VM (17.0.12+8-LTS-286, mixed mode, emulated-client, sharing, tiered, compressed oops, compressed class ptrs, g1 gc, windows-amd64)
# No core dump will be written. Minidumps are not enabled by default on client versions of Windows
#

---------------  S U M M A R Y ------------

Command Line: -Dcom.sun.management.jmxremote -Dcom.sun.management.jmxremote.port=62763 -Dcom.sun.management.jmxremote.authenticate=false -Dcom.sun.management.jmxremote.ssl=false -Djava.rmi.server.hostname=localhost -Dspring.jmx.enabled=true -Dmanagement.endpoints.jmx.exposure.include=* -Dspring.application.admin.enabled=true -XX:TieredStopAtLevel=1 -Dspring.boot.project.name=doctor-service -Dfile.encoding=UTF-8 -Dstdout.encoding=UTF-8 -Dstderr.encoding=UTF-8 -XX:+ShowCodeDetailsInExceptionMessages com.dermacare.doctorservice.DoctorServiceApplication --spring.output.ansi.enabled=always

Host: Intel(R) Core(TM) i7-8650U CPU @ 1.90GHz, 8 cores, 7G,  Windows 11 , 64 bit Build 26100 (10.0.26100.3912)
Time: Tue May 27 12:46:17 2025 India Standard Time elapsed time: 6606.789895 seconds (0d 1h 50m 6s)

---------------  T H R E A D  ---------------

Current thread (0x00000206747620b0):  JavaThread "File Watcher" daemon [_thread_in_vm, id=16312, stack(0x000000a6bf400000,0x000000a6bf500000)]

Stack: [0x000000a6bf400000,0x000000a6bf500000]
Native frames: (J=compiled Java code, j=interpreted, Vv=VM code, C=native code)
V  [jvm.dll+0x67a04a]
V  [jvm.dll+0x7da4ed]
V  [jvm.dll+0x7dbe33]
V  [jvm.dll+0x7dc4a3]
V  [jvm.dll+0x24508f]
V  [jvm.dll+0x7d60bb]
V  [jvm.dll+0x6206c6]
V  [jvm.dll+0x62072a]
V  [jvm.dll+0x622f4d]
V  [jvm.dll+0x621086]
V  [jvm.dll+0x631f09]
V  [jvm.dll+0x62b264]
V  [jvm.dll+0x37d8f1]
C  0x0000020622b7c1b2

Java frames: (J=compiled Java code, j=interpreted, Vv=VM code)
j  java.io.PrintStream.print(Ljava/lang/String;)V+0 java.base@17.0.12
j  java.lang.ThreadGroup.uncaughtException(Ljava/lang/Thread;Ljava/lang/Throwable;)V+75 java.base@17.0.12
j  java.lang.ThreadGroup.uncaughtException(Ljava/lang/Thread;Ljava/lang/Throwable;)V+13 java.base@17.0.12
j  java.lang.Thread.dispatchUncaughtException(Ljava/lang/Throwable;)V+6 java.base@17.0.12
v  ~StubRoutines::call_stub

---------------  P R O C E S S  ---------------

Threads class SMR info:
_java_thread_list=0x0000020673ca35d0, length=45, elements={
0x000002062d24ed70, 0x000002062d24f840, 0x000002062d264310, 0x000002062d264be0,
0x000002062d2694d0, 0x000002062d26f8c0, 0x000002062d270240, 0x000002062d2a0020,
0x000002061912e270, 0x000002062d4c7920, 0x000002062da59e80, 0x000002062da69670,
0x000002062da55280, 0x000002062dc06300, 0x000002062dc0c630, 0x000002062dc41510,
0x000002062dc405e0, 0x000002062dc3f6b0, 0x000002062dc3f1a0, 0x000002062dc40af0,
0x000002062dc400d0, 0x000002062dc41a20, 0x000002062dc41f30, 0x00000206747620b0,
0x0000020674761ba0, 0x00000206747625c0, 0x0000020674763f10, 0x0000020674760c70,
0x0000020674761690, 0x0000020674762ad0, 0x0000020674762fe0, 0x0000020674764420,
0x00000206747634f0, 0x0000020674763a00, 0x0000020674764930, 0x0000020674761180,
0x00000206747676c0, 0x0000020674767bd0, 0x0000020674765350, 0x0000020674765860,
0x0000020674765d70, 0x00000206747685f0, 0x0000020674766790, 0x00000206747671b0,
0x0000020674766280
}

Java Threads: ( => current thread )
  0x000002062d24ed70 JavaThread "Reference Handler" daemon [_thread_blocked, id=1648, stack(0x000000a6bcb00000,0x000000a6bcc00000)]
  0x000002062d24f840 JavaThread "Finalizer" daemon [_thread_blocked, id=17616, stack(0x000000a6bcc00000,0x000000a6bcd00000)]
  0x000002062d264310 JavaThread "Signal Dispatcher" daemon [_thread_blocked, id=12132, stack(0x000000a6bcd00000,0x000000a6bce00000)]
  0x000002062d264be0 JavaThread "Attach Listener" daemon [_thread_blocked, id=14344, stack(0x000000a6bce00000,0x000000a6bcf00000)]
  0x000002062d2694d0 JavaThread "Service Thread" daemon [_thread_blocked, id=8208, stack(0x000000a6bcf00000,0x000000a6bd000000)]
  0x000002062d26f8c0 JavaThread "Monitor Deflation Thread" daemon [_thread_blocked, id=5004, stack(0x000000a6bd000000,0x000000a6bd100000)]
  0x000002062d270240 JavaThread "C1 CompilerThread0" daemon [_thread_blocked, id=6552, stack(0x000000a6bd100000,0x000000a6bd200000)]
  0x000002062d2a0020 JavaThread "Sweeper thread" daemon [_thread_blocked, id=11760, stack(0x000000a6bd200000,0x000000a6bd300000)]
  0x000002061912e270 JavaThread "Common-Cleaner" daemon [_thread_blocked, id=4900, stack(0x000000a6bd300000,0x000000a6bd400000)]
  0x000002062d4c7920 JavaThread "Notification Thread" daemon [_thread_blocked, id=7844, stack(0x000000a6bd500000,0x000000a6bd600000)]
  0x000002062da59e80 JavaThread "RMI TCP Accept-0" daemon [_thread_in_native, id=6344, stack(0x000000a6bd600000,0x000000a6bd700000)]
  0x000002062da69670 JavaThread "RMI TCP Accept-62763" daemon [_thread_in_native, id=8920, stack(0x000000a6bd700000,0x000000a6bd800000)]
  0x000002062da55280 JavaThread "RMI TCP Accept-0" daemon [_thread_in_native, id=3372, stack(0x000000a6bd800000,0x000000a6bd900000)]
  0x000002062dc06300 JavaThread "RMI Scheduler(0)" daemon [_thread_blocked, id=4472, stack(0x000000a6bdb00000,0x000000a6bdc00000)]
  0x000002062dc0c630 JavaThread "RMI TCP Connection(idle)" daemon [_thread_blocked, id=7708, stack(0x000000a6bdc00000,0x000000a6bdd00000)]
  0x000002062dc41510 JavaThread "JMX server connection timeout 22" daemon [_thread_blocked, id=2336, stack(0x000000a6bdd00000,0x000000a6bde00000)]
  0x000002062dc405e0 JavaThread "Catalina-utility-1" [_thread_blocked, id=15076, stack(0x000000a6bea00000,0x000000a6beb00000)]
  0x000002062dc3f6b0 JavaThread "Catalina-utility-2" [_thread_blocked, id=12672, stack(0x000000a6beb00000,0x000000a6bec00000)]
  0x000002062dc3f1a0 JavaThread "container-0" [_thread_blocked, id=2784, stack(0x000000a6bec00000,0x000000a6bed00000)]
  0x000002062dc40af0 JavaThread "BufferPoolPruner-1-thread-1" daemon [_thread_blocked, id=4080, stack(0x000000a6bed00000,0x000000a6bee00000)]
  0x000002062dc400d0 JavaThread "cluster-ClusterId{value='68354d13ca6df3017b75a080', description='null'}-localhost:27017" daemon [_thread_in_native, id=10536, stack(0x000000a6bee00000,0x000000a6bef00000)]
  0x000002062dc41a20 JavaThread "cluster-rtt-ClusterId{value='68354d13ca6df3017b75a080', description='null'}-localhost:27017" daemon [_thread_blocked, id=7504, stack(0x000000a6bf000000,0x000000a6bf100000)]
  0x000002062dc41f30 JavaThread "MaintenanceTimer-2-thread-1" daemon [_thread_blocked, id=17460, stack(0x000000a6bf100000,0x000000a6bf200000)]
=>0x00000206747620b0 JavaThread "File Watcher" daemon [_thread_in_vm, id=16312, stack(0x000000a6bf400000,0x000000a6bf500000)]
  0x0000020674761ba0 JavaThread "spectator-gauge-polling-0" daemon [_thread_blocked, id=2960, stack(0x000000a6be800000,0x000000a6be900000)]
  0x00000206747625c0 JavaThread "AsyncResolver-bootstrap-%d" daemon [_thread_blocked, id=13256, stack(0x000000a6bf500000,0x000000a6bf600000)]
  0x0000020674763f10 JavaThread "DiscoveryClient-%d" daemon [_thread_blocked, id=17788, stack(0x000000a6bf600000,0x000000a6bf700000)]
  0x0000020674760c70 JavaThread "DiscoveryClient-%d" daemon [_thread_blocked, id=7196, stack(0x000000a6bf700000,0x000000a6bf800000)]
  0x0000020674761690 JavaThread "DiscoveryClient-InstanceInfoReplicator-%d" daemon [_thread_blocked, id=15912, stack(0x000000a6bf800000,0x000000a6bf900000)]
  0x0000020674762ad0 JavaThread "http-nio-8082-exec-1" daemon [_thread_blocked, id=10268, stack(0x000000a6bf900000,0x000000a6bfa00000)]
  0x0000020674762fe0 JavaThread "http-nio-8082-exec-2" daemon [_thread_blocked, id=6004, stack(0x000000a6bfa00000,0x000000a6bfb00000)]
  0x0000020674764420 JavaThread "http-nio-8082-exec-3" daemon [_thread_blocked, id=18260, stack(0x000000a6bfb00000,0x000000a6bfc00000)]
  0x00000206747634f0 JavaThread "http-nio-8082-exec-4" daemon [_thread_blocked, id=13176, stack(0x000000a6bfc00000,0x000000a6bfd00000)]
  0x0000020674763a00 JavaThread "http-nio-8082-exec-5" daemon [_thread_blocked, id=8908, stack(0x000000a6bfd00000,0x000000a6bfe00000)]
  0x0000020674764930 JavaThread "http-nio-8082-exec-6" daemon [_thread_blocked, id=3724, stack(0x000000a6bfe00000,0x000000a6bff00000)]
  0x0000020674761180 JavaThread "http-nio-8082-exec-7" daemon [_thread_blocked, id=14140, stack(0x000000a6bff00000,0x000000a6c0000000)]
  0x00000206747676c0 JavaThread "http-nio-8082-exec-8" daemon [_thread_blocked, id=16636, stack(0x000000a6c0000000,0x000000a6c0100000)]
  0x0000020674767bd0 JavaThread "http-nio-8082-exec-9" daemon [_thread_blocked, id=7404, stack(0x000000a6c0100000,0x000000a6c0200000)]
  0x0000020674765350 JavaThread "http-nio-8082-exec-10" daemon [_thread_blocked, id=16576, stack(0x000000a6c0200000,0x000000a6c0300000)]
  0x0000020674765860 JavaThread "http-nio-8082-Poller" daemon [_thread_in_native, id=5056, stack(0x000000a6c0300000,0x000000a6c0400000)]
  0x0000020674765d70 JavaThread "http-nio-8082-Acceptor" daemon [_thread_in_native, id=17732, stack(0x000000a6c0400000,0x000000a6c0500000)]
  0x00000206747685f0 JavaThread "DestroyJavaVM" [_thread_blocked, id=12596, stack(0x000000a6bc300000,0x000000a6bc400000)]
  0x0000020674766790 JavaThread "DiscoveryClient-HeartbeatExecutor-%d" daemon [_thread_blocked, id=6644, stack(0x000000a6bc100000,0x000000a6bc200000)]
  0x00000206747671b0 JavaThread "DiscoveryClient-CacheRefreshExecutor-%d" daemon [_thread_blocked, id=19312, stack(0x000000a6bc200000,0x000000a6bc300000)]
  0x0000020674766280 JavaThread "AsyncResolver-bootstrap-executor-%d" daemon [_thread_blocked, id=5084, stack(0x000000a6bda00000,0x000000a6bdb00000)]

Other Threads:
  0x000002062d2464e0 VMThread "VM Thread" [stack: 0x000000a6bca00000,0x000000a6bcb00000] [id=15740]
  0x000002062da6a5c0 WatcherThread [stack: 0x000000a6bd900000,0x000000a6bda00000] [id=2972]
  0x000002061b324630 GCTaskThread "GC Thread#0" [stack: 0x000000a6bc500000,0x000000a6bc600000] [id=1924]
  0x000002062dc72230 GCTaskThread "GC Thread#1" [stack: 0x000000a6bde00000,0x000000a6bdf00000] [id=16656]
  0x000002062dc724f0 GCTaskThread "GC Thread#2" [stack: 0x000000a6bdf00000,0x000000a6be000000] [id=6476]
  0x000002062ddf2aa0 GCTaskThread "GC Thread#3" [stack: 0x000000a6be000000,0x000000a6be100000] [id=4048]
  0x000002062de6e8b0 GCTaskThread "GC Thread#4" [stack: 0x000000a6be100000,0x000000a6be200000] [id=9364]
  0x000002062de6eb70 GCTaskThread "GC Thread#5" [stack: 0x000000a6be200000,0x000000a6be300000] [id=9944]
  0x000002062de6ee30 GCTaskThread "GC Thread#6" [stack: 0x000000a6be300000,0x000000a6be400000] [id=16240]
  0x000002062de6f500 GCTaskThread "GC Thread#7" [stack: 0x000000a6be400000,0x000000a6be500000] [id=4760]
  0x000002061b3350d0 ConcurrentGCThread "G1 Main Marker" [stack: 0x000000a6bc600000,0x000000a6bc700000] [id=2644]
  0x000002061b336a00 ConcurrentGCThread "G1 Conc#0" [stack: 0x000000a6bc700000,0x000000a6bc800000] [id=8800]
  0x0000020673922db0 ConcurrentGCThread "G1 Conc#1" [stack: 0x000000a6bd400000,0x000000a6bd500000] [id=11304]
  0x000002062d1034e0 ConcurrentGCThread "G1 Refine#0" [stack: 0x000000a6bc800000,0x000000a6bc900000] [id=14616]
  0x000002062ddceee0 ConcurrentGCThread "G1 Refine#1" [stack: 0x000000a6be500000,0x000000a6be600000] [id=16644]
  0x000002062d104af0 ConcurrentGCThread "G1 Service" [stack: 0x000000a6bc900000,0x000000a6bca00000] [id=15724]

Threads with active compile tasks:

VM state: not at safepoint (normal execution)

VM Mutex/Monitor currently owned by a thread:  ([mutex/lock_event])
[0x000002061b2baf20] Metaspace_lock - owner thread: 0x00000206747620b0

Heap address: 0x0000000081e00000, size: 2018 MB, Compressed Oops mode: 32-bit

CDS archive(s) mapped at: [0x000002062e000000-0x000002062ebd0000-0x000002062ebd0000), size 12386304, SharedBaseAddress: 0x000002062e000000, ArchiveRelocationMode: 1.
Compressed class space mapped at: 0x000002062f000000-0x000002066f000000, reserved size: 1073741824
Narrow klass base: 0x000002062e000000, Narrow klass shift: 0, Narrow klass range: 0x100000000

GC Precious Log:
 CPUs: 8 total, 8 available
 Memory: 8071M
 Large Page Support: Disabled
 NUMA Support: Disabled
 Compressed Oops: Enabled (32-bit)
 Heap Region Size: 1M
 Heap Min Capacity: 8M
 Heap Initial Capacity: 128M
 Heap Max Capacity: 2018M
 Pre-touch: Disabled
 Parallel Workers: 8
 Concurrent Workers: 2
 Concurrent Refinement Workers: 8
 Periodic GC: Disabled

Heap:
 garbage-first heap   total 99328K, used 69617K [0x0000000081e00000, 0x0000000100000000)
  region size 1024K, 41 young (41984K), 1 survivors (1024K)
 Metaspace       used 50019K, committed 50688K, reserved 1114112K
  class space    used 7246K, committed 7552K, reserved 1048576K

Heap Regions: E=young(eden), S=young(survivor), O=old, HS=humongous(starts), HC=humongous(continues), CS=collection set, F=free, OA=open archive, CA=closed archive, TAMS=top-at-mark-start (previous, next)
|   0|0x0000000081e00000, 0x0000000081f00000, 0x0000000081f00000|100%|HS|  |TAMS 0x0000000081f00000, 0x0000000081e00000| Complete 
|   1|0x0000000081f00000, 0x0000000082000000, 0x0000000082000000|100%| O|  |TAMS 0x0000000082000000, 0x0000000081f00000| Untracked 
|   2|0x0000000082000000, 0x0000000082100000, 0x0000000082100000|100%| O|  |TAMS 0x0000000082100000, 0x0000000082000000| Untracked 
|   3|0x0000000082100000, 0x0000000082200000, 0x0000000082200000|100%| O|  |TAMS 0x0000000082200000, 0x0000000082100000| Untracked 
|   4|0x0000000082200000, 0x0000000082300000, 0x0000000082300000|100%| O|  |TAMS 0x0000000082300000, 0x0000000082200000| Untracked 
|   5|0x0000000082300000, 0x0000000082396000, 0x0000000082400000| 58%| O|  |TAMS 0x0000000082380c00, 0x0000000082300000| Untracked 
|   6|0x0000000082400000, 0x0000000082500000, 0x0000000082500000|100%| O|  |TAMS 0x0000000082500000, 0x0000000082400000| Untracked 
|   7|0x0000000082500000, 0x0000000082600000, 0x0000000082600000|100%| O|  |TAMS 0x0000000082600000, 0x0000000082500000| Untracked 
|   8|0x0000000082600000, 0x0000000082700000, 0x0000000082700000|100%| O|  |TAMS 0x0000000082700000, 0x0000000082600000| Untracked 
|   9|0x0000000082700000, 0x0000000082800000, 0x0000000082800000|100%| O|  |TAMS 0x0000000082800000, 0x0000000082700000| Untracked 
|  10|0x0000000082800000, 0x0000000082900000, 0x0000000082900000|100%| O|  |TAMS 0x0000000082900000, 0x0000000082800000| Untracked 
|  11|0x0000000082900000, 0x0000000082a00000, 0x0000000082a00000|100%| O|  |TAMS 0x0000000082a00000, 0x0000000082900000| Untracked 
|  12|0x0000000082a00000, 0x0000000082b00000, 0x0000000082b00000|100%| O|  |TAMS 0x0000000082b00000, 0x0000000082a00000| Untracked 
|  13|0x0000000082b00000, 0x0000000082c00000, 0x0000000082c00000|100%| O|  |TAMS 0x0000000082c00000, 0x0000000082b00000| Untracked 
|  14|0x0000000082c00000, 0x0000000082d00000, 0x0000000082d00000|100%| O|  |TAMS 0x0000000082d00000, 0x0000000082c00000| Untracked 
|  15|0x0000000082d00000, 0x0000000082e00000, 0x0000000082e00000|100%| O|  |TAMS 0x0000000082e00000, 0x0000000082d00000| Untracked 
|  16|0x0000000082e00000, 0x0000000082f00000, 0x0000000082f00000|100%| O|  |TAMS 0x0000000082f00000, 0x0000000082e00000| Untracked 
|  17|0x0000000082f00000, 0x0000000083000000, 0x0000000083000000|100%| O|  |TAMS 0x0000000083000000, 0x0000000082f00000| Untracked 
|  18|0x0000000083000000, 0x0000000083100000, 0x0000000083100000|100%| O|  |TAMS 0x0000000083100000, 0x0000000083000000| Untracked 
|  19|0x0000000083100000, 0x0000000083200000, 0x0000000083200000|100%| O|  |TAMS 0x0000000083200000, 0x0000000083100000| Untracked 
|  20|0x0000000083200000, 0x0000000083300000, 0x0000000083300000|100%| O|  |TAMS 0x0000000083300000, 0x0000000083200000| Untracked 
|  21|0x0000000083300000, 0x0000000083400000, 0x0000000083400000|100%| O|  |TAMS 0x0000000083400000, 0x0000000083300000| Untracked 
|  22|0x0000000083400000, 0x0000000083500000, 0x0000000083500000|100%| O|  |TAMS 0x0000000083500000, 0x0000000083400000| Untracked 
|  23|0x0000000083500000, 0x0000000083600000, 0x0000000083600000|100%| O|  |TAMS 0x0000000083600000, 0x0000000083500000| Untracked 
|  24|0x0000000083600000, 0x0000000083700000, 0x0000000083700000|100%| O|  |TAMS 0x0000000083700000, 0x0000000083600000| Untracked 
|  25|0x0000000083700000, 0x0000000083800000, 0x0000000083800000|100%| O|  |TAMS 0x0000000083800000, 0x0000000083700000| Untracked 
|  26|0x0000000083800000, 0x0000000083800000, 0x0000000083900000|  0%| F|  |TAMS 0x0000000083800000, 0x0000000083800000| Untracked 
|  27|0x0000000083900000, 0x0000000083a00000, 0x0000000083a00000|100%| O|  |TAMS 0x0000000083a00000, 0x0000000083900000| Complete 
|  28|0x0000000083a00000, 0x0000000083a00000, 0x0000000083b00000|  0%| F|  |TAMS 0x0000000083a00000, 0x0000000083a00000| Untracked 
|  29|0x0000000083b00000, 0x0000000083b00000, 0x0000000083c00000|  0%| F|  |TAMS 0x0000000083b00000, 0x0000000083b00000| Untracked 
|  30|0x0000000083c00000, 0x0000000083c00000, 0x0000000083d00000|  0%| F|  |TAMS 0x0000000083c00000, 0x0000000083c00000| Untracked 
|  31|0x0000000083d00000, 0x0000000083d00000, 0x0000000083e00000|  0%| F|  |TAMS 0x0000000083d00000, 0x0000000083d00000| Untracked 
|  32|0x0000000083e00000, 0x0000000083e00000, 0x0000000083f00000|  0%| F|  |TAMS 0x0000000083e00000, 0x0000000083e00000| Untracked 
|  33|0x0000000083f00000, 0x0000000083f00000, 0x0000000084000000|  0%| F|  |TAMS 0x0000000083f00000, 0x0000000083f00000| Untracked 
|  34|0x0000000084000000, 0x0000000084000000, 0x0000000084100000|  0%| F|  |TAMS 0x0000000084000000, 0x0000000084000000| Untracked 
|  35|0x0000000084100000, 0x0000000084200000, 0x0000000084200000|100%| O|  |TAMS 0x0000000084200000, 0x0000000084100000| Untracked 
|  36|0x0000000084200000, 0x0000000084200000, 0x0000000084300000|  0%| F|  |TAMS 0x0000000084200000, 0x0000000084200000| Untracked 
|  37|0x0000000084300000, 0x0000000084400000, 0x0000000084400000|100%| O|  |TAMS 0x0000000084400000, 0x0000000084300000| Untracked 
|  38|0x0000000084400000, 0x0000000084400000, 0x0000000084500000|  0%| F|  |TAMS 0x0000000084400000, 0x0000000084400000| Untracked 
|  39|0x0000000084500000, 0x0000000084500000, 0x0000000084600000|  0%| F|  |TAMS 0x0000000084500000, 0x0000000084500000| Untracked 
|  40|0x0000000084600000, 0x0000000084600000, 0x0000000084700000|  0%| F|  |TAMS 0x0000000084600000, 0x0000000084600000| Untracked 
|  41|0x0000000084700000, 0x0000000084766428, 0x0000000084800000| 39%| S|CS|TAMS 0x0000000084700000, 0x0000000084700000| Complete 
|  42|0x0000000084800000, 0x0000000084800000, 0x0000000084900000|  0%| F|  |TAMS 0x0000000084800000, 0x0000000084800000| Untracked 
|  43|0x0000000084900000, 0x0000000084900000, 0x0000000084a00000|  0%| F|  |TAMS 0x0000000084900000, 0x0000000084900000| Untracked 
|  44|0x0000000084a00000, 0x0000000084a00000, 0x0000000084b00000|  0%| F|  |TAMS 0x0000000084a00000, 0x0000000084a00000| Untracked 
|  45|0x0000000084b00000, 0x0000000084b00000, 0x0000000084c00000|  0%| F|  |TAMS 0x0000000084b00000, 0x0000000084b00000| Untracked 
|  46|0x0000000084c00000, 0x0000000084c00000, 0x0000000084d00000|  0%| F|  |TAMS 0x0000000084c00000, 0x0000000084c00000| Untracked 
|  47|0x0000000084d00000, 0x0000000084d00000, 0x0000000084e00000|  0%| F|  |TAMS 0x0000000084d00000, 0x0000000084d00000| Untracked 
|  48|0x0000000084e00000, 0x0000000084e00000, 0x0000000084f00000|  0%| F|  |TAMS 0x0000000084e00000, 0x0000000084e00000| Untracked 
|  49|0x0000000084f00000, 0x0000000084f00000, 0x0000000085000000|  0%| F|  |TAMS 0x0000000084f00000, 0x0000000084f00000| Untracked 
|  50|0x0000000085000000, 0x0000000085000000, 0x0000000085100000|  0%| F|  |TAMS 0x0000000085000000, 0x0000000085000000| Untracked 
|  51|0x0000000085100000, 0x0000000085100000, 0x0000000085200000|  0%| F|  |TAMS 0x0000000085100000, 0x0000000085100000| Untracked 
|  52|0x0000000085200000, 0x0000000085200000, 0x0000000085300000|  0%| F|  |TAMS 0x0000000085200000, 0x0000000085200000| Untracked 
|  53|0x0000000085300000, 0x0000000085300000, 0x0000000085400000|  0%| F|  |TAMS 0x0000000085300000, 0x0000000085300000| Untracked 
|  54|0x0000000085400000, 0x0000000085400000, 0x0000000085500000|  0%| F|  |TAMS 0x0000000085400000, 0x0000000085400000| Untracked 
|  55|0x0000000085500000, 0x0000000085500000, 0x0000000085600000|  0%| F|  |TAMS 0x0000000085500000, 0x0000000085500000| Untracked 
|  56|0x0000000085600000, 0x0000000085600000, 0x0000000085700000|  0%| F|  |TAMS 0x0000000085600000, 0x0000000085600000| Untracked 
|  57|0x0000000085700000, 0x00000000857934d0, 0x0000000085800000| 57%| E|  |TAMS 0x0000000085700000, 0x0000000085700000| Complete 
|  58|0x0000000085800000, 0x0000000085900000, 0x0000000085900000|100%| E|CS|TAMS 0x0000000085800000, 0x0000000085800000| Complete 
|  59|0x0000000085900000, 0x0000000085a00000, 0x0000000085a00000|100%| E|CS|TAMS 0x0000000085900000, 0x0000000085900000| Complete 
|  60|0x0000000085a00000, 0x0000000085b00000, 0x0000000085b00000|100%| E|CS|TAMS 0x0000000085a00000, 0x0000000085a00000| Complete 
|  61|0x0000000085b00000, 0x0000000085c00000, 0x0000000085c00000|100%| E|CS|TAMS 0x0000000085b00000, 0x0000000085b00000| Complete 
|  62|0x0000000085c00000, 0x0000000085d00000, 0x0000000085d00000|100%| E|CS|TAMS 0x0000000085c00000, 0x0000000085c00000| Complete 
|  63|0x0000000085d00000, 0x0000000085e00000, 0x0000000085e00000|100%| E|CS|TAMS 0x0000000085d00000, 0x0000000085d00000| Complete 
|  64|0x0000000085e00000, 0x0000000085f00000, 0x0000000085f00000|100%| E|CS|TAMS 0x0000000085e00000, 0x0000000085e00000| Complete 
|  65|0x0000000085f00000, 0x0000000086000000, 0x0000000086000000|100%| E|CS|TAMS 0x0000000085f00000, 0x0000000085f00000| Complete 
|  66|0x0000000086000000, 0x0000000086100000, 0x0000000086100000|100%| E|CS|TAMS 0x0000000086000000, 0x0000000086000000| Complete 
|  67|0x0000000086100000, 0x0000000086200000, 0x0000000086200000|100%| E|CS|TAMS 0x0000000086100000, 0x0000000086100000| Complete 
|  68|0x0000000086200000, 0x0000000086300000, 0x0000000086300000|100%| E|CS|TAMS 0x0000000086200000, 0x0000000086200000| Complete 
|  69|0x0000000086300000, 0x0000000086400000, 0x0000000086400000|100%| E|CS|TAMS 0x0000000086300000, 0x0000000086300000| Complete 
|  70|0x0000000086400000, 0x0000000086500000, 0x0000000086500000|100%| E|CS|TAMS 0x0000000086400000, 0x0000000086400000| Complete 
|  71|0x0000000086500000, 0x0000000086600000, 0x0000000086600000|100%| E|CS|TAMS 0x0000000086500000, 0x0000000086500000| Complete 
|  72|0x0000000086600000, 0x0000000086700000, 0x0000000086700000|100%| E|CS|TAMS 0x0000000086600000, 0x0000000086600000| Complete 
|  73|0x0000000086700000, 0x0000000086800000, 0x0000000086800000|100%| E|CS|TAMS 0x0000000086700000, 0x0000000086700000| Complete 
|  74|0x0000000086800000, 0x0000000086900000, 0x0000000086900000|100%| E|CS|TAMS 0x0000000086800000, 0x0000000086800000| Complete 
|  75|0x0000000086900000, 0x0000000086a00000, 0x0000000086a00000|100%| E|CS|TAMS 0x0000000086900000, 0x0000000086900000| Complete 
|  76|0x0000000086a00000, 0x0000000086b00000, 0x0000000086b00000|100%| E|CS|TAMS 0x0000000086a00000, 0x0000000086a00000| Complete 
|  77|0x0000000086b00000, 0x0000000086c00000, 0x0000000086c00000|100%| E|CS|TAMS 0x0000000086b00000, 0x0000000086b00000| Complete 
|  78|0x0000000086c00000, 0x0000000086d00000, 0x0000000086d00000|100%| E|CS|TAMS 0x0000000086c00000, 0x0000000086c00000| Complete 
|  79|0x0000000086d00000, 0x0000000086e00000, 0x0000000086e00000|100%| E|CS|TAMS 0x0000000086d00000, 0x0000000086d00000| Complete 
|  80|0x0000000086e00000, 0x0000000086f00000, 0x0000000086f00000|100%| E|CS|TAMS 0x0000000086e00000, 0x0000000086e00000| Complete 
|  81|0x0000000086f00000, 0x0000000087000000, 0x0000000087000000|100%| E|CS|TAMS 0x0000000086f00000, 0x0000000086f00000| Complete 
|  82|0x0000000087000000, 0x0000000087100000, 0x0000000087100000|100%| E|CS|TAMS 0x0000000087000000, 0x0000000087000000| Complete 
|  83|0x0000000087100000, 0x0000000087200000, 0x0000000087200000|100%| E|CS|TAMS 0x0000000087100000, 0x0000000087100000| Complete 
|  84|0x0000000087200000, 0x0000000087300000, 0x0000000087300000|100%| E|CS|TAMS 0x0000000087200000, 0x0000000087200000| Complete 
|  85|0x0000000087300000, 0x0000000087400000, 0x0000000087400000|100%| E|CS|TAMS 0x0000000087300000, 0x0000000087300000| Complete 
|  86|0x0000000087400000, 0x0000000087500000, 0x0000000087500000|100%| E|CS|TAMS 0x0000000087400000, 0x0000000087400000| Complete 
|  87|0x0000000087500000, 0x0000000087600000, 0x0000000087600000|100%| E|CS|TAMS 0x0000000087500000, 0x0000000087500000| Complete 
|  88|0x0000000087600000, 0x0000000087700000, 0x0000000087700000|100%| E|CS|TAMS 0x0000000087600000, 0x0000000087600000| Complete 
|  89|0x0000000087700000, 0x0000000087800000, 0x0000000087800000|100%| E|CS|TAMS 0x0000000087700000, 0x0000000087700000| Complete 
|  90|0x0000000087800000, 0x0000000087900000, 0x0000000087900000|100%| E|CS|TAMS 0x0000000087800000, 0x0000000087800000| Complete 
|  92|0x0000000087a00000, 0x0000000087b00000, 0x0000000087b00000|100%| E|CS|TAMS 0x0000000087a00000, 0x0000000087a00000| Complete 
|  93|0x0000000087b00000, 0x0000000087c00000, 0x0000000087c00000|100%| E|CS|TAMS 0x0000000087b00000, 0x0000000087b00000| Complete 
|  94|0x0000000087c00000, 0x0000000087d00000, 0x0000000087d00000|100%| E|CS|TAMS 0x0000000087c00000, 0x0000000087c00000| Complete 
|  95|0x0000000087d00000, 0x0000000087e00000, 0x0000000087e00000|100%| E|CS|TAMS 0x0000000087d00000, 0x0000000087d00000| Complete 
|  96|0x0000000087e00000, 0x0000000087f00000, 0x0000000087f00000|100%| E|CS|TAMS 0x0000000087e00000, 0x0000000087e00000| Complete 
| 127|0x0000000089d00000, 0x0000000089e00000, 0x0000000089e00000|100%| E|CS|TAMS 0x0000000089d00000, 0x0000000089d00000| Complete 

Card table byte_map: [0x0000020626090000,0x0000020626490000] _byte_map_base: 0x0000020625c81000

Marking Bits (Prev, Next): (CMBitMap*) 0x000002061b324b60, (CMBitMap*) 0x000002061b324ba0
 Prev Bits: [0x0000020626890000, 0x0000020628818000)
 Next Bits: [0x0000020628820000, 0x000002062a7a8000)

Polling page: 0x000002061aa80000

Metaspace:

Usage:
  Non-class:     41.77 MB used.
      Class:      7.08 MB used.
       Both:     48.85 MB used.

Virtual space:
  Non-class space:       64.00 MB reserved,      42.12 MB ( 66%) committed,  1 nodes.
      Class space:        1.00 GB reserved,       7.38 MB ( <1%) committed,  1 nodes.
             Both:        1.06 GB reserved,      49.50 MB (  5%) committed. 

Chunk freelists:
   Non-Class:  5.68 MB
       Class:  8.76 MB
        Both:  14.44 MB

MaxMetaspaceSize: unlimited
CompressedClassSpaceSize: 1.00 GB
Initial GC threshold: 21.00 MB
Current GC threshold: 82.50 MB
CDS: on
MetaspaceReclaimPolicy: balanced
 - commit_granule_bytes: 65536.
 - commit_granule_words: 8192.
 - virtual_space_node_default_size: 8388608.
 - enlarge_chunks_in_place: 1.
 - new_chunks_are_fully_committed: 0.
 - uncommit_free_chunks: 1.
 - use_allocation_guard: 0.
 - handle_deallocations: 1.


Internal statistics:

num_allocs_failed_limit: 6.
num_arena_births: 864.
num_arena_deaths: 310.
num_vsnodes_births: 2.
num_vsnodes_deaths: 0.
num_space_committed: 792.
num_space_uncommitted: 0.
num_chunks_returned_to_freelist: 377.
num_chunks_taken_from_freelist: 2803.
num_chunk_merges: 119.
num_chunk_splits: 1828.
num_chunks_enlarged: 1331.
num_inconsistent_stats: 0.

CodeCache: size=49152Kb used=14400Kb max_used=15741Kb free=34751Kb
 bounds [0x0000020622b70000, 0x0000020623b60000, 0x0000020625b70000]
 total_blobs=8915 nmethods=8322 adapters=520
 compilation: enabled
              stopped_count=0, restarted_count=0
 full_count=0

Compilation events (20 events):
Event: 6407.822 Thread 0x000002062d270240 8330       1       org.springframework.util.ConcurrentLruCache$DrainStatus$1::shouldDrainBuffers (10 bytes)
Event: 6407.822 Thread 0x000002062d270240 nmethod 8330 0x0000020623a78590 code [0x0000020623a78720, 0x0000020623a787f8]
Event: 6427.474 Thread 0x000002062d270240 8331       1       java.rmi.server.UID::read (34 bytes)
Event: 6427.475 Thread 0x000002062d270240 nmethod 8331 0x0000020623a78110 code [0x0000020623a782c0, 0x0000020623a78468]
Event: 6427.475 Thread 0x000002062d270240 8332   !   1       sun.rmi.transport.ObjectTable::getTarget (26 bytes)
Event: 6427.475 Thread 0x000002062d270240 nmethod 8332 0x0000020623a77b90 code [0x0000020623a77d40, 0x0000020623a77f68]
Event: 6547.508 Thread 0x000002062d270240 8333   !   1       java.rmi.server.UID::<init> (164 bytes)
Event: 6547.515 Thread 0x000002062d270240 nmethod 8333 0x0000020623a77090 code [0x0000020623a772a0, 0x0000020623a77828]
Event: 6557.950 Thread 0x000002062d270240 8334       1       com.fasterxml.jackson.core.json.JsonReadContext::createChildArrayContext (62 bytes)
Event: 6557.953 Thread 0x000002062d270240 nmethod 8334 0x0000020623a76a90 code [0x0000020623a76c60, 0x0000020623a76f28]
Event: 6557.953 Thread 0x000002062d270240 8335       1       com.fasterxml.jackson.databind.deser.std.CollectionDeserializer::deserialize (7 bytes)
Event: 6557.954 Thread 0x000002062d270240 nmethod 8335 0x0000020623a76790 code [0x0000020623a76920, 0x0000020623a76a08]
Event: 6557.955 Thread 0x000002062d270240 8336       1       com.fasterxml.jackson.databind.deser.std.CollectionDeserializer::deserialize (80 bytes)
Event: 6557.960 Thread 0x000002062d270240 nmethod 8336 0x0000020623a75f10 code [0x0000020623a76140, 0x0000020623a76578]
Event: 6557.960 Thread 0x000002062d270240 8337       1       com.fasterxml.jackson.core.base.ParserMinimalBase::isExpectedStartArrayToken (16 bytes)
Event: 6557.960 Thread 0x000002062d270240 nmethod 8337 0x0000020623a75c10 code [0x0000020623a75da0, 0x0000020623a75e98]
Event: 6557.960 Thread 0x000002062d270240 8338       1       com.fasterxml.jackson.databind.deser.std.CollectionDeserializer::createDefaultInstance (12 bytes)
Event: 6557.960 Thread 0x000002062d270240 nmethod 8338 0x0000020623a75890 code [0x0000020623a75a20, 0x0000020623a75b68]
Event: 6557.961 Thread 0x000002062d270240 8339       1       com.fasterxml.jackson.databind.deser.impl.JDKValueInstantiators$ArrayListInstantiator::createUsingDefault (8 bytes)
Event: 6557.961 Thread 0x000002062d270240 nmethod 8339 0x0000020623a75510 code [0x0000020623a756a0, 0x0000020623a75818]

GC Heap History (20 events):
Event: 2248.428 GC heap before
{Heap before GC invocations=32 (full 0):
 garbage-first heap   total 65536K, used 53790K [0x0000000081e00000, 0x0000000100000000)
  region size 1024K, 24 young (24576K), 1 survivors (1024K)
 Metaspace       used 49952K, committed 50688K, reserved 1114112K
  class space    used 7234K, committed 7552K, reserved 1048576K
}
Event: 2248.460 GC heap after
{Heap after GC invocations=33 (full 0):
 garbage-first heap   total 65536K, used 30252K [0x0000000081e00000, 0x0000000100000000)
  region size 1024K, 1 young (1024K), 1 survivors (1024K)
 Metaspace       used 49952K, committed 50688K, reserved 1114112K
  class space    used 7234K, committed 7552K, reserved 1048576K
}
Event: 2693.912 GC heap before
{Heap before GC invocations=34 (full 0):
 garbage-first heap   total 65536K, used 53804K [0x0000000081e00000, 0x0000000100000000)
  region size 1024K, 24 young (24576K), 1 survivors (1024K)
 Metaspace       used 49952K, committed 50688K, reserved 1114112K
  class space    used 7234K, committed 7552K, reserved 1048576K
}
Event: 2693.964 GC heap after
{Heap after GC invocations=35 (full 0):
 garbage-first heap   total 65536K, used 30266K [0x0000000081e00000, 0x0000000100000000)
  region size 1024K, 1 young (1024K), 1 survivors (1024K)
 Metaspace       used 49952K, committed 50688K, reserved 1114112K
  class space    used 7234K, committed 7552K, reserved 1048576K
}
Event: 2733.357 GC heap before
{Heap before GC invocations=35 (full 0):
 garbage-first heap   total 65536K, used 32314K [0x0000000081e00000, 0x0000000100000000)
  region size 1024K, 3 young (3072K), 1 survivors (1024K)
 Metaspace       used 49952K, committed 50688K, reserved 1114112K
  class space    used 7234K, committed 7552K, reserved 1048576K
}
Event: 2733.372 GC heap after
{Heap after GC invocations=36 (full 0):
 garbage-first heap   total 65536K, used 30100K [0x0000000081e00000, 0x0000000100000000)
  region size 1024K, 1 young (1024K), 1 survivors (1024K)
 Metaspace       used 49952K, committed 50688K, reserved 1114112K
  class space    used 7234K, committed 7552K, reserved 1048576K
}
Event: 3192.969 GC heap before
{Heap before GC invocations=36 (full 0):
 garbage-first heap   total 65536K, used 53652K [0x0000000081e00000, 0x0000000100000000)
  region size 1024K, 24 young (24576K), 1 survivors (1024K)
 Metaspace       used 49974K, committed 50688K, reserved 1114112K
  class space    used 7238K, committed 7552K, reserved 1048576K
}
Event: 3193.015 GC heap after
{Heap after GC invocations=37 (full 0):
 garbage-first heap   total 65536K, used 30124K [0x0000000081e00000, 0x0000000100000000)
  region size 1024K, 1 young (1024K), 1 survivors (1024K)
 Metaspace       used 49974K, committed 50688K, reserved 1114112K
  class space    used 7238K, committed 7552K, reserved 1048576K
}
Event: 3676.271 GC heap before
{Heap before GC invocations=38 (full 0):
 garbage-first heap   total 65536K, used 54700K [0x0000000081e00000, 0x0000000100000000)
  region size 1024K, 25 young (25600K), 1 survivors (1024K)
 Metaspace       used 49974K, committed 50688K, reserved 1114112K
  class space    used 7238K, committed 7552K, reserved 1048576K
}
Event: 3676.292 GC heap after
{Heap after GC invocations=39 (full 0):
 garbage-first heap   total 65536K, used 30138K [0x0000000081e00000, 0x0000000100000000)
  region size 1024K, 1 young (1024K), 1 survivors (1024K)
 Metaspace       used 49974K, committed 50688K, reserved 1114112K
  class space    used 7238K, committed 7552K, reserved 1048576K
}
Event: 3705.133 GC heap before
{Heap before GC invocations=39 (full 0):
 garbage-first heap   total 65536K, used 32186K [0x0000000081e00000, 0x0000000100000000)
  region size 1024K, 3 young (3072K), 1 survivors (1024K)
 Metaspace       used 49977K, committed 50688K, reserved 1114112K
  class space    used 7238K, committed 7552K, reserved 1048576K
}
Event: 3705.151 GC heap after
{Heap after GC invocations=40 (full 0):
 garbage-first heap   total 65536K, used 29895K [0x0000000081e00000, 0x0000000100000000)
  region size 1024K, 1 young (1024K), 1 survivors (1024K)
 Metaspace       used 49977K, committed 50688K, reserved 1114112K
  class space    used 7238K, committed 7552K, reserved 1048576K
}
Event: 4192.265 GC heap before
{Heap before GC invocations=40 (full 0):
 garbage-first heap   total 65536K, used 55495K [0x0000000081e00000, 0x0000000100000000)
  region size 1024K, 26 young (26624K), 1 survivors (1024K)
 Metaspace       used 49994K, committed 50688K, reserved 1114112K
  class space    used 7241K, committed 7552K, reserved 1048576K
}
Event: 4192.276 GC heap after
{Heap after GC invocations=41 (full 0):
 garbage-first heap   total 65536K, used 29938K [0x0000000081e00000, 0x0000000100000000)
  region size 1024K, 1 young (1024K), 1 survivors (1024K)
 Metaspace       used 49994K, committed 50688K, reserved 1114112K
  class space    used 7241K, committed 7552K, reserved 1048576K
}
Event: 4695.815 GC heap before
{Heap before GC invocations=42 (full 0):
 garbage-first heap   total 65536K, used 55538K [0x0000000081e00000, 0x0000000100000000)
  region size 1024K, 26 young (26624K), 1 survivors (1024K)
 Metaspace       used 50003K, committed 50688K, reserved 1114112K
  class space    used 7242K, committed 7552K, reserved 1048576K
}
Event: 4695.866 GC heap after
{Heap after GC invocations=43 (full 0):
 garbage-first heap   total 99328K, used 29905K [0x0000000081e00000, 0x0000000100000000)
  region size 1024K, 1 young (1024K), 1 survivors (1024K)
 Metaspace       used 50003K, committed 50688K, reserved 1114112K
  class space    used 7242K, committed 7552K, reserved 1048576K
}
Event: 4755.920 GC heap before
{Heap before GC invocations=43 (full 0):
 garbage-first heap   total 99328K, used 32977K [0x0000000081e00000, 0x0000000100000000)
  region size 1024K, 4 young (4096K), 1 survivors (1024K)
 Metaspace       used 50003K, committed 50688K, reserved 1114112K
  class space    used 7242K, committed 7552K, reserved 1048576K
}
Event: 4755.986 GC heap after
{Heap after GC invocations=44 (full 0):
 garbage-first heap   total 99328K, used 29598K [0x0000000081e00000, 0x0000000100000000)
  region size 1024K, 1 young (1024K), 1 survivors (1024K)
 Metaspace       used 50003K, committed 50688K, reserved 1114112K
  class space    used 7242K, committed 7552K, reserved 1048576K
}
Event: 5821.587 GC heap before
{Heap before GC invocations=44 (full 0):
 garbage-first heap   total 99328K, used 84894K [0x0000000081e00000, 0x0000000100000000)
  region size 1024K, 55 young (56320K), 1 survivors (1024K)
 Metaspace       used 50024K, committed 50688K, reserved 1114112K
  class space    used 7246K, committed 7552K, reserved 1048576K
}
Event: 5821.639 GC heap after
{Heap after GC invocations=45 (full 0):
 garbage-first heap   total 99328K, used 29681K [0x0000000081e00000, 0x0000000100000000)
  region size 1024K, 1 young (1024K), 1 survivors (1024K)
 Metaspace       used 50024K, committed 50688K, reserved 1114112K
  class space    used 7246K, committed 7552K, reserved 1048576K
}

Deoptimization events (4 events):
Event: 18.034 Thread 0x000002062dc3fbc0 DEOPT PACKING pc=0x0000020622fcac9c sp=0x000000a6be7fda10
Event: 18.034 Thread 0x000002062dc3fbc0 DEOPT UNPACKING pc=0x0000020622bc2b43 sp=0x000000a6be7fced8 mode 0
Event: 41.682 Thread 0x000002062dc3fbc0 DEOPT PACKING pc=0x0000020623466e5c sp=0x000000a6be7fcbb0
Event: 41.682 Thread 0x000002062dc3fbc0 DEOPT UNPACKING pc=0x0000020622bc2b43 sp=0x000000a6be7fc058 mode 0

Classes unloaded (20 events):
Event: 477.439 Thread 0x000002062d2464e0 Unloading class 0x000002062f097800 'java/lang/invoke/LambdaForm$MH+0x000002062f097800'
Event: 477.439 Thread 0x000002062d2464e0 Unloading class 0x000002062f097400 'jdk/internal/reflect/GeneratedSerializationConstructorAccessor7'
Event: 477.439 Thread 0x000002062d2464e0 Unloading class 0x000002062f096c00 'jdk/internal/reflect/GeneratedSerializationConstructorAccessor5'
Event: 477.439 Thread 0x000002062d2464e0 Unloading class 0x000002062f096800 'jdk/internal/reflect/GeneratedSerializationConstructorAccessor4'
Event: 477.439 Thread 0x000002062d2464e0 Unloading class 0x000002062f081800 'java/lang/invoke/LambdaForm$MH+0x000002062f081800'
Event: 477.439 Thread 0x000002062d2464e0 Unloading class 0x000002062f006800 'java/lang/invoke/LambdaForm$MH+0x000002062f006800'
Event: 477.439 Thread 0x000002062d2464e0 Unloading class 0x000002062f006400 'java/lang/invoke/LambdaForm$MH+0x000002062f006400'
Event: 477.439 Thread 0x000002062d2464e0 Unloading class 0x000002062f006000 'java/lang/invoke/LambdaForm$MH+0x000002062f006000'
Event: 477.439 Thread 0x000002062d2464e0 Unloading class 0x000002062f005c00 'java/lang/invoke/LambdaForm$MH+0x000002062f005c00'
Event: 477.439 Thread 0x000002062d2464e0 Unloading class 0x000002062f005800 'java/lang/invoke/LambdaForm$MH+0x000002062f005800'
Event: 477.439 Thread 0x000002062d2464e0 Unloading class 0x000002062f005400 'java/lang/invoke/LambdaForm$MH+0x000002062f005400'
Event: 477.439 Thread 0x000002062d2464e0 Unloading class 0x000002062f004400 'java/lang/invoke/LambdaForm$MH+0x000002062f004400'
Event: 477.439 Thread 0x000002062d2464e0 Unloading class 0x000002062f004000 'java/lang/invoke/LambdaForm$MH+0x000002062f004000'
Event: 477.439 Thread 0x000002062d2464e0 Unloading class 0x000002062f003800 'java/lang/invoke/LambdaForm$MH+0x000002062f003800'
Event: 477.439 Thread 0x000002062d2464e0 Unloading class 0x000002062f002c00 'java/lang/invoke/LambdaForm$MH+0x000002062f002c00'
Event: 477.439 Thread 0x000002062d2464e0 Unloading class 0x000002062f002400 'java/lang/invoke/LambdaForm$MH+0x000002062f002400'
Event: 477.439 Thread 0x000002062d2464e0 Unloading class 0x000002062f001c00 'java/lang/invoke/LambdaForm$MH+0x000002062f001c00'
Event: 477.439 Thread 0x000002062d2464e0 Unloading class 0x000002062f001400 'java/lang/invoke/LambdaForm$MH+0x000002062f001400'
Event: 5821.759 Thread 0x000002062d2464e0 Unloading class 0x000002062f750c00 'jdk/internal/reflect/GeneratedMethodAccessor15'
Event: 5821.760 Thread 0x000002062d2464e0 Unloading class 0x000002062f74ec00 'jdk/internal/reflect/GeneratedConstructorAccessor42'

Classes redefined (0 events):
No events

Internal exceptions (20 events):
Event: 33.284 Thread 0x000002062dc400d0 Exception <a 'java/lang/NoSuchMethodError'{0x0000000089db1988}: 'void java.lang.invoke.DirectMethodHandle$Holder.invokeStatic(java.lang.Object, long)'> (0x0000000089db1988) 
thrown [s\open\src\hotspot\share\interpreter\linkResolver.cpp, line 759]
Event: 33.324 Thread 0x000002062dc3fbc0 Exception <a 'sun/nio/fs/WindowsException'{0x0000000089d4dd68}> (0x0000000089d4dd68) 
thrown [s\open\src\hotspot\share\prims\jni.cpp, line 516]
Event: 33.331 Thread 0x000002062dc3fbc0 Exception <a 'java/lang/IncompatibleClassChangeError'{0x0000000089db6cf8}: Found class java.lang.Object, but interface was expected> (0x0000000089db6cf8) 
thrown [s\open\src\hotspot\share\interpreter\linkResolver.cpp, line 826]
Event: 33.349 Thread 0x000002062dc400d0 Exception <a 'java/lang/NoSuchMethodError'{0x0000000087d99c38}: 'void java.lang.invoke.DirectMethodHandle$Holder.invokeStatic(java.lang.Object, java.lang.Object, long)'> (0x0000000087d99c38) 
thrown [s\open\src\hotspot\share\interpreter\linkResolver.cpp, line 759]
Event: 33.366 Thread 0x000002062dc41a20 Exception <a 'java/lang/reflect/InvocationTargetException'{0x0000000087c00da0}> (0x0000000087c00da0) 
thrown [s\open\src\hotspot\share\runtime\reflection.cpp, line 1121]
Event: 33.516 Thread 0x000002062dc3fbc0 Exception <a 'java/lang/IncompatibleClassChangeError'{0x0000000087bee730}: Found class java.lang.Object, but interface was expected> (0x0000000087bee730) 
thrown [s\open\src\hotspot\share\interpreter\linkResolver.cpp, line 826]
Event: 33.702 Thread 0x000002062dc3fbc0 Exception <a 'java/lang/IncompatibleClassChangeError'{0x00000000856ac3c0}: Found class java.lang.Object, but interface was expected> (0x00000000856ac3c0) 
thrown [s\open\src\hotspot\share\interpreter\linkResolver.cpp, line 826]
Event: 34.148 Thread 0x000002062dc3fbc0 Exception <a 'java/lang/IncompatibleClassChangeError'{0x0000000084da72d8}: Found class java.lang.Object, but interface was expected> (0x0000000084da72d8) 
thrown [s\open\src\hotspot\share\interpreter\linkResolver.cpp, line 826]
Event: 34.318 Thread 0x000002062dc3fbc0 Exception <a 'java/lang/NoSuchMethodError'{0x0000000084a6a550}: 'int java.lang.invoke.DirectMethodHandle$Holder.invokeStatic(java.lang.Object, java.lang.Object, int)'> (0x0000000084a6a550) 
thrown [s\open\src\hotspot\share\interpreter\linkResolver.cpp, line 759]
Event: 38.537 Thread 0x000002062dc3fbc0 Exception <a 'java/lang/IncompatibleClassChangeError'{0x000000008536fef0}: Found class java.lang.Object, but interface was expected> (0x000000008536fef0) 
thrown [s\open\src\hotspot\share\interpreter\linkResolver.cpp, line 826]
Event: 39.072 Thread 0x000002062dc3fbc0 Exception <a 'java/lang/NoSuchMethodError'{0x0000000084d67678}: 'double java.lang.invoke.DirectMethodHandle$Holder.invokeVirtual(java.lang.Object, java.lang.Object)'> (0x0000000084d67678) 
thrown [s\open\src\hotspot\share\interpreter\linkResolver.cpp, line 759]
Event: 39.240 Thread 0x000002062dc3fbc0 Exception <a 'sun/nio/fs/WindowsException'{0x0000000089d675f8}> (0x0000000089d675f8) 
thrown [s\open\src\hotspot\share\prims\jni.cpp, line 516]
Event: 41.584 Thread 0x000002062dc3fbc0 Exception <a 'java/lang/NoSuchMethodError'{0x0000000087c1e490}: 'java.lang.Object java.lang.invoke.DirectMethodHandle$Holder.invokeStatic(java.lang.Object, int, int)'> (0x0000000087c1e490) 
thrown [s\open\src\hotspot\share\interpreter\linkResolver.cpp, line 759]
Event: 42.661 Thread 0x000002062dc41000 Exception <a 'java/net/UnknownHostException'{0x0000000085578870}> (0x0000000085578870) 
thrown [s\open\src\hotspot\share\prims\jni.cpp, line 516]
Event: 643.275 Thread 0x000002062dc0c630 Exception <a 'java/lang/NoSuchMethodError'{0x00000000855c5f30}: static [B.<clinit>()V> (0x00000000855c5f30) 
thrown [s\open\src\hotspot\share\prims\jni.cpp, line 1112]
Event: 943.298 Thread 0x000002062dc0c630 Exception <a 'java/lang/NoSuchMethodError'{0x0000000087eee500}: static [B.<clinit>()V> (0x0000000087eee500) 
thrown [s\open\src\hotspot\share\prims\jni.cpp, line 1112]
Event: 1843.509 Thread 0x000002062dc0c630 Exception <a 'java/lang/NoSuchMethodError'{0x0000000087b2c4a0}: static [B.<clinit>()V> (0x0000000087b2c4a0) 
thrown [s\open\src\hotspot\share\prims\jni.cpp, line 1112]
Event: 2743.370 Thread 0x000002062dc0c630 Exception <a 'java/lang/NoSuchMethodError'{0x0000000089df8498}: static [B.<clinit>()V> (0x0000000089df8498) 
thrown [s\open\src\hotspot\share\prims\jni.cpp, line 1112]
Event: 3943.388 Thread 0x000002062dc0c630 Exception <a 'java/lang/NoSuchMethodError'{0x00000000850ecf30}: static [B.<clinit>()V> (0x00000000850ecf30) 
thrown [s\open\src\hotspot\share\prims\jni.cpp, line 1112]
Event: 4843.430 Thread 0x000002062dc0c630 Exception <a 'java/lang/NoSuchMethodError'{0x000000008789dcd0}: static [B.<clinit>()V> (0x000000008789dcd0) 
thrown [s\open\src\hotspot\share\prims\jni.cpp, line 1112]

VM Operations (20 events):
Event: 5821.756 Executing VM operation: G1Concurrent
Event: 5821.963 Executing VM operation: G1Concurrent done
Event: 5821.974 Executing VM operation: G1Concurrent
Event: 5822.114 Executing VM operation: G1Concurrent done
Event: 5837.191 Executing VM operation: Cleanup
Event: 5837.192 Executing VM operation: Cleanup done
Event: 5867.206 Executing VM operation: Cleanup
Event: 5867.207 Executing VM operation: Cleanup done
Event: 5897.317 Executing VM operation: Cleanup
Event: 5897.317 Executing VM operation: Cleanup done
Event: 6083.053 Executing VM operation: Cleanup
Event: 6083.054 Executing VM operation: Cleanup done
Event: 6257.748 Executing VM operation: Cleanup
Event: 6257.749 Executing VM operation: Cleanup done
Event: 6333.522 Executing VM operation: Cleanup
Event: 6333.522 Executing VM operation: Cleanup done
Event: 6438.549 Executing VM operation: Cleanup
Event: 6438.551 Executing VM operation: Cleanup done
Event: 6604.087 Executing VM operation: Cleanup
Event: 6604.088 Executing VM operation: Cleanup done

Events (20 events):
Event: 5631.984 Thread 0x0000020673a75890 Thread exited: 0x0000020673a75890
Event: 5632.000 Thread 0x0000020674b5aa20 Thread exited: 0x0000020674b5aa20
Event: 5777.103 Thread 0x0000020674b5aa20 Thread added: 0x0000020674b5aa20
Event: 5777.104 Thread 0x0000020673a75890 Thread added: 0x0000020673a75890
Event: 5777.105 Thread 0x000002067387ce50 Thread added: 0x000002067387ce50
Event: 5782.130 Thread 0x000002067387ce50 Thread exited: 0x000002067387ce50
Event: 5782.287 Thread 0x0000020673a75890 Thread exited: 0x0000020673a75890
Event: 5787.302 Thread 0x0000020674b5aa20 Thread exited: 0x0000020674b5aa20
Event: 5806.836 Thread 0x000002067387ce50 Thread added: 0x000002067387ce50
Event: 5806.845 Thread 0x0000020674b5aa20 Thread added: 0x0000020674b5aa20
Event: 5812.148 Thread 0x0000020674b5aa20 Thread exited: 0x0000020674b5aa20
Event: 5812.163 Thread 0x000002067387ce50 Thread exited: 0x000002067387ce50
Event: 5836.852 Thread 0x0000020674b5aa20 Thread added: 0x0000020674b5aa20
Event: 5836.857 Thread 0x000002062d2ab310 Thread added: 0x000002062d2ab310
Event: 5842.125 Thread 0x000002062d2ab310 Thread exited: 0x000002062d2ab310
Event: 5842.131 Thread 0x0000020674b5aa20 Thread exited: 0x0000020674b5aa20
Event: 6257.650 Thread 0x0000020674b5aa20 Thread added: 0x0000020674b5aa20
Event: 6257.651 Thread 0x0000020673ca2fa0 Thread added: 0x0000020673ca2fa0
Event: 6262.675 Thread 0x0000020673ca2fa0 Thread exited: 0x0000020673ca2fa0
Event: 6267.686 Thread 0x0000020674b5aa20 Thread exited: 0x0000020674b5aa20


Dynamic libraries:
0x00007ff765b70000 - 0x00007ff765b80000 	C:\Program Files\Java\jdk-17\bin\javaw.exe
0x00007ffe7d440000 - 0x00007ffe7d6a6000 	C:\WINDOWS\SYSTEM32\ntdll.dll
0x00007ffe7ba70000 - 0x00007ffe7bb39000 	C:\WINDOWS\System32\KERNEL32.DLL
0x00007ffe7a6a0000 - 0x00007ffe7aa6c000 	C:\WINDOWS\System32\KERNELBASE.dll
0x00007ffe7b0b0000 - 0x00007ffe7b1fb000 	C:\WINDOWS\System32\ucrtbase.dll
0x00007ffe609d0000 - 0x00007ffe609e9000 	C:\Program Files\Java\jdk-17\bin\jli.dll
0x00007ffe7b740000 - 0x00007ffe7b7f2000 	C:\WINDOWS\System32\ADVAPI32.dll
0x00007ffe7b920000 - 0x00007ffe7b9c9000 	C:\WINDOWS\System32\msvcrt.dll
0x00007ffe7b800000 - 0x00007ffe7b8a6000 	C:\WINDOWS\System32\sechost.dll
0x00007ffe7bcb0000 - 0x00007ffe7bdc6000 	C:\WINDOWS\System32\RPCRT4.dll
0x00007ffe7b430000 - 0x00007ffe7b5fa000 	C:\WINDOWS\System32\USER32.dll
0x00007ffe7a5d0000 - 0x00007ffe7a5f7000 	C:\WINDOWS\System32\win32u.dll
0x00007ffe7c340000 - 0x00007ffe7c36b000 	C:\WINDOWS\System32\GDI32.dll
0x00007ffe7af70000 - 0x00007ffe7b0a2000 	C:\WINDOWS\System32\gdi32full.dll
0x00007ffe7abf0000 - 0x00007ffe7ac93000 	C:\WINDOWS\System32\msvcp_win.dll
0x00007ffe60c40000 - 0x00007ffe60c5b000 	C:\Program Files\Java\jdk-17\bin\VCRUNTIME140.dll
0x00007ffe5fe60000 - 0x00007ffe600fa000 	C:\WINDOWS\WinSxS\amd64_microsoft.windows.common-controls_6595b64144ccf1df_6.0.26100.3912_none_3e07963ce335137e\COMCTL32.dll
0x00007ffe6aa70000 - 0x00007ffe6aa7b000 	C:\WINDOWS\SYSTEM32\VERSION.dll
0x00007ffe7cf30000 - 0x00007ffe7cf60000 	C:\WINDOWS\System32\IMM32.DLL
0x00007ffe609c0000 - 0x00007ffe609cc000 	C:\Program Files\Java\jdk-17\bin\vcruntime140_1.dll
0x00007ffe60930000 - 0x00007ffe609be000 	C:\Program Files\Java\jdk-17\bin\msvcp140.dll
0x00007ffe2e8a0000 - 0x00007ffe2f480000 	C:\Program Files\Java\jdk-17\bin\server\jvm.dll
0x00007ffe7b9d0000 - 0x00007ffe7b9d8000 	C:\WINDOWS\System32\PSAPI.DLL
0x00007ffe49b60000 - 0x00007ffe49b6a000 	C:\WINDOWS\SYSTEM32\WSOCK32.dll
0x00007ffe7c230000 - 0x00007ffe7c2a4000 	C:\WINDOWS\System32\WS2_32.dll
0x00007ffe63be0000 - 0x00007ffe63c16000 	C:\WINDOWS\SYSTEM32\WINMM.dll
0x00007ffe79350000 - 0x00007ffe7936a000 	C:\WINDOWS\SYSTEM32\kernel.appcore.dll
0x00007ffe60920000 - 0x00007ffe6092a000 	C:\Program Files\Java\jdk-17\bin\jimage.dll
0x00007ffe77360000 - 0x00007ffe775a1000 	C:\WINDOWS\SYSTEM32\DBGHELP.DLL
0x00007ffe7c470000 - 0x00007ffe7c7f4000 	C:\WINDOWS\System32\combase.dll
0x00007ffe7bf50000 - 0x00007ffe7c030000 	C:\WINDOWS\System32\OLEAUT32.dll
0x00007ffe63ff0000 - 0x00007ffe64029000 	C:\WINDOWS\SYSTEM32\dbgcore.DLL
0x00007ffe7a600000 - 0x00007ffe7a699000 	C:\WINDOWS\System32\bcryptPrimitives.dll
0x00007ffe608f0000 - 0x00007ffe60915000 	C:\Program Files\Java\jdk-17\bin\java.dll
0x00007ffe606b0000 - 0x00007ffe60787000 	C:\Program Files\Java\jdk-17\bin\jsvml.dll
0x00007ffe7c800000 - 0x00007ffe7cf2d000 	C:\WINDOWS\System32\SHELL32.dll
0x00007ffe7aca0000 - 0x00007ffe7ae14000 	C:\WINDOWS\System32\wintypes.dll
0x00007ffe78220000 - 0x00007ffe78a76000 	C:\WINDOWS\SYSTEM32\windows.storage.dll
0x00007ffe7be50000 - 0x00007ffe7bf3f000 	C:\WINDOWS\System32\SHCORE.dll
0x00007ffe7c2d0000 - 0x00007ffe7c339000 	C:\WINDOWS\System32\shlwapi.dll
0x00007ffe7a4e0000 - 0x00007ffe7a50f000 	C:\WINDOWS\SYSTEM32\profapi.dll
0x00007ffe592d0000 - 0x00007ffe592e9000 	C:\Program Files\Java\jdk-17\bin\net.dll
0x00007ffe6a140000 - 0x00007ffe6a25e000 	C:\WINDOWS\SYSTEM32\WINHTTP.dll
0x00007ffe798a0000 - 0x00007ffe7990a000 	C:\WINDOWS\system32\mswsock.dll
0x00007ffe592b0000 - 0x00007ffe592c6000 	C:\Program Files\Java\jdk-17\bin\nio.dll
0x00007ffe59290000 - 0x00007ffe592a8000 	C:\Program Files\Java\jdk-17\bin\zip.dll
0x00007ffe608e0000 - 0x00007ffe608ea000 	C:\Program Files\Java\jdk-17\bin\management.dll
0x00007ffe608d0000 - 0x00007ffe608db000 	C:\Program Files\Java\jdk-17\bin\management_ext.dll
0x00007ffe59d40000 - 0x00007ffe59d58000 	C:\WINDOWS\system32\napinsp.dll
0x00007ffe78e60000 - 0x00007ffe78f87000 	C:\WINDOWS\SYSTEM32\DNSAPI.dll
0x00007ffe78d70000 - 0x00007ffe78da3000 	C:\WINDOWS\SYSTEM32\IPHLPAPI.DLL
0x00007ffe7b910000 - 0x00007ffe7b91a000 	C:\WINDOWS\System32\NSI.dll
0x00007ffe59d20000 - 0x00007ffe59d32000 	C:\WINDOWS\System32\winrnr.dll
0x00007ffe59ce0000 - 0x00007ffe59d10000 	C:\WINDOWS\system32\nlansp_c.dll
0x00007ffe6e2d0000 - 0x00007ffe6e2f0000 	C:\WINDOWS\system32\wshbth.dll
0x00007ffe6e290000 - 0x00007ffe6e29b000 	C:\Windows\System32\rasadhlp.dll
0x00007ffe68730000 - 0x00007ffe687b6000 	C:\WINDOWS\System32\fwpuclnt.dll
0x00007ffe79c60000 - 0x00007ffe79c7c000 	C:\WINDOWS\SYSTEM32\CRYPTSP.dll
0x00007ffe792b0000 - 0x00007ffe792ea000 	C:\WINDOWS\system32\rsaenh.dll
0x00007ffe79940000 - 0x00007ffe7996b000 	C:\WINDOWS\SYSTEM32\USERENV.dll
0x00007ffe7a4b0000 - 0x00007ffe7a4d6000 	C:\WINDOWS\SYSTEM32\bcrypt.dll
0x00007ffe79ad0000 - 0x00007ffe79adc000 	C:\WINDOWS\SYSTEM32\CRYPTBASE.dll
0x00007ffe6a0b0000 - 0x00007ffe6a0cf000 	C:\WINDOWS\SYSTEM32\dhcpcsvc6.DLL
0x00007ffe6a080000 - 0x00007ffe6a0a5000 	C:\WINDOWS\SYSTEM32\dhcpcsvc.DLL
0x00007ffe607e0000 - 0x00007ffe607ee000 	C:\Program Files\Java\jdk-17\bin\sunmscapi.dll
0x00007ffe7aa70000 - 0x00007ffe7abe7000 	C:\WINDOWS\System32\CRYPT32.dll
0x00007ffe79db0000 - 0x00007ffe79de0000 	C:\WINDOWS\SYSTEM32\ncrypt.dll
0x00007ffe79d60000 - 0x00007ffe79d9f000 	C:\WINDOWS\SYSTEM32\NTASN1.dll
0x00007ffe58bc0000 - 0x00007ffe58bd0000 	C:\Program Files\Java\jdk-17\bin\verify.dll
0x00007ffe67800000 - 0x00007ffe67808000 	C:\WINDOWS\system32\wshunix.dll

dbghelp: loaded successfully - version: 4.0.5 - missing functions: none
symbol engine: initialized successfully - sym options: 0x614 - pdb path: .;C:\Program Files\Java\jdk-17\bin;C:\WINDOWS\SYSTEM32;C:\WINDOWS\WinSxS\amd64_microsoft.windows.common-controls_6595b64144ccf1df_6.0.26100.3912_none_3e07963ce335137e;C:\Program Files\Java\jdk-17\bin\server

VM Arguments:
jvm_args: -Dcom.sun.management.jmxremote -Dcom.sun.management.jmxremote.port=62763 -Dcom.sun.management.jmxremote.authenticate=false -Dcom.sun.management.jmxremote.ssl=false -Djava.rmi.server.hostname=localhost -Dspring.jmx.enabled=true -Dmanagement.endpoints.jmx.exposure.include=* -Dspring.application.admin.enabled=true -XX:TieredStopAtLevel=1 -Dspring.boot.project.name=doctor-service -Dfile.encoding=UTF-8 -Dstdout.encoding=UTF-8 -Dstderr.encoding=UTF-8 -XX:+ShowCodeDetailsInExceptionMessages 
java_command: com.dermacare.doctorservice.DoctorServiceApplication --spring.output.ansi.enabled=always
java_class_path (initial): D:\Dvelopment\Project\DermaCare\Bakend\Derma_Care_Backend_new\Derma_Care_Backend\doctor-service\target\classes;C:\Users\Haanvika Banavath\.m2\repository\org\springframework\boot\spring-boot-starter-data-mongodb\3.4.4\spring-boot-starter-data-mongodb-3.4.4.jar;C:\Users\Haanvika Banavath\.m2\repository\org\springframework\boot\spring-boot-starter\3.4.4\spring-boot-starter-3.4.4.jar;C:\Users\Haanvika Banavath\.m2\repository\org\springframework\boot\spring-boot-starter-logging\3.4.4\spring-boot-starter-logging-3.4.4.jar;C:\Users\Haanvika Banavath\.m2\repository\ch\qos\logback\logback-classic\1.5.18\logback-classic-1.5.18.jar;C:\Users\Haanvika Banavath\.m2\repository\ch\qos\logback\logback-core\1.5.18\logback-core-1.5.18.jar;C:\Users\Haanvika Banavath\.m2\repository\org\apache\logging\log4j\log4j-to-slf4j\2.24.3\log4j-to-slf4j-2.24.3.jar;C:\Users\Haanvika Banavath\.m2\repository\org\apache\logging\log4j\log4j-api\2.24.3\log4j-api-2.24.3.jar;C:\Users\Haanvika Banavath\.m2\repository\org\slf4j\jul-to-slf4j\2.0.17\jul-to-slf4j-2.0.17.jar;C:\Users\Haanvika Banavath\.m2\repository\jakarta\annotation\jakarta.annotation-api\2.1.1\jakarta.annotation-api-2.1.1.jar;C:\Users\Haanvika Banavath\.m2\repository\org\yaml\snakeyaml\2.3\snakeyaml-2.3.jar;C:\Users\Haanvika Banavath\.m2\repository\org\mongodb\mongodb-driver-sync\5.2.1\mongodb-driver-sync-5.2.1.jar;C:\Users\Haanvika Banavath\.m2\repository\org\mongodb\bson\5.2.1\bson-5.2.1.jar;C:\Users\Haanvika Banavath\.m2\repository\org\mongodb\mongodb-driver-core\5.2.1\mongodb-driver-core-5.2.1.jar;C:\Users\Haanvika Banavath\.m2\repository\org\mongodb\bson-record-codec\5.2.1\bson-record-codec-5.2.1.jar;C:\Users\Haanvika Banavath\.m2\repository\org\springframework\data\spring-data-mongodb\4.4.4\spring-data-mongodb-4.4.4.jar;C:\Users\Haanvika Banavath\.m2\repository\org\springframework\spring-tx\6.2.5\spring-tx-6.2.5.jar;C:\Users\Haanvika Banavath\.m2\repository\org\springframework\spring-context\6.2.5\spring-co
Launcher Type: SUN_STANDARD

[Global flags]
     intx CICompilerCount                          = 4                                         {product} {ergonomic}
     uint ConcGCThreads                            = 2                                         {product} {ergonomic}
     uint G1ConcRefinementThreads                  = 8                                         {product} {ergonomic}
   size_t G1HeapRegionSize                         = 1048576                                   {product} {ergonomic}
    uintx GCDrainStackTargetSize                   = 64                                        {product} {ergonomic}
   size_t InitialHeapSize                          = 134217728                                 {product} {ergonomic}
     bool ManagementServer                         = true                                      {product} {command line}
   size_t MarkStackSize                            = 4194304                                   {product} {ergonomic}
   size_t MaxHeapSize                              = 2116026368                                {product} {ergonomic}
   size_t MaxNewSize                               = 1268776960                                {product} {ergonomic}
   size_t MinHeapDeltaBytes                        = 1048576                                   {product} {ergonomic}
   size_t MinHeapSize                              = 8388608                                   {product} {ergonomic}
    uintx NonProfiledCodeHeapSize                  = 0                                      {pd product} {ergonomic}
     bool ProfileInterpreter                       = false                                  {pd product} {command line}
    uintx ProfiledCodeHeapSize                     = 0                                      {pd product} {ergonomic}
     bool ShowCodeDetailsInExceptionMessages       = true                                   {manageable} {command line}
   size_t SoftMaxHeapSize                          = 2116026368                             {manageable} {ergonomic}
     intx TieredStopAtLevel                        = 1                                         {product} {command line}
     bool UseCompressedClassPointers               = true                           {product lp64_product} {ergonomic}
     bool UseCompressedOops                        = true                           {product lp64_product} {ergonomic}
     bool UseG1GC                                  = true                                      {product} {ergonomic}
     bool UseLargePagesIndividualAllocation        = false                                  {pd product} {ergonomic}

Logging:
Log output configuration:
 #0: stdout all=warning uptime,level,tags
 #1: stderr all=off uptime,level,tags

Environment Variables:
JAVA_HOME=C:\Program Files\Java\jdk-17
PATH=D:/Software/spring-tool-suite-4-4.25.0.RELEASE-e4.33.0-win32.win32.x86_64/sts-4.25.0.RELEASE//plugins/org.eclipse.justj.openjdk.hotspot.jre.full.win32.x86_64_21.0.4.v20240802-1551/jre/bin/server;D:/Software/spring-tool-suite-4-4.25.0.RELEASE-e4.33.0-win32.win32.x86_64/sts-4.25.0.RELEASE//plugins/org.eclipse.justj.openjdk.hotspot.jre.full.win32.x86_64_21.0.4.v20240802-1551/jre/bin;C:\Program Files (x86)\Common Files\Intel\Shared Libraries\redist\intel64\compiler;C:\Program Files\Common Files\Oracle\Java\javapath;C:\WINDOWS\system32;C:\WINDOWS;C:\WINDOWS\System32\Wbem;C:\WINDOWS\System32\WindowsPowerShell\v1.0\;C:\WINDOWS\System32\OpenSSH\;C:\Program Files\nodejs\;C:\Program Files\Git\cmd;C:\Program Files\Java\jdk-22\bin;C:\Program Files (x86)\Windows Kits\10\Windows Performance Toolkit\;C:\Users\Haanvika Banavath\AppData\Local\Microsoft\WindowsApps;C:\Users\Haanvika Banavath\AppData\Roaming\npm;C:\Users\Haanvika Banavath\AppData\Local\Android\Sdk;C:\Users\Haanvika Banavath\AppData\Local\Android\Sdk\platform-tools;D:\Dvelopment\PROJECTS\sts-4.22.0.RELEASE;C:\Program Files\MySQL\MySQL Workbench 8.0 CE;C:\Users\Haanvika Banavath\AppData\Local\Pub\Cache\bin;C:\Users\Haanvika Banavath\AppData\Local\Programs\Microsoft VS Code\bin;D:\Dvelopment\flutter\bin;C:\Program Files\JetBrains\IntelliJ IDEA Community Edition 2024.3.5\bin;;C:\Users\Haanvika Banavath\AppData\Local\Android\Sdk\cmdline-tools\latest\bin;;D:\Software\spring-tool-suite-4-4.25.0.RELEASE-e4.33.0-win32.win32.x86_64\sts-4.25.0.RELEASE;
USERNAME=Haanvika Banavath
OS=Windows_NT
PROCESSOR_IDENTIFIER=Intel64 Family 6 Model 142 Stepping 10, GenuineIntel



---------------  S Y S T E M  ---------------

OS:
 Windows 11 , 64 bit Build 26100 (10.0.26100.3912)
OS uptime: 0 days 1:55 hours
Hyper-V role detected

CPU: total 8 (initial active 8) (4 cores per cpu, 2 threads per core) family 6 model 142 stepping 10 microcode 0xe0, cx8, cmov, fxsr, ht, mmx, 3dnowpref, sse, sse2, sse3, ssse3, sse4.1, sse4.2, popcnt, lzcnt, tsc, tscinvbit, avx, avx2, aes, erms, clmul, bmi1, bmi2, rtm, adx, fma, vzeroupper, clflush, clflushopt, hv

Memory: 4k page, system-wide physical 8071M (1130M free)
TotalPageFile size 18589M (AvailPageFile size 0M)
current process WorkingSet (physical memory assigned to process): 28M, peak: 173M
current process commit charge ("private bytes"): 271M, peak: 271M

vm_info: Java HotSpot(TM) 64-Bit Server VM (17.0.12+8-LTS-286) for windows-amd64 JRE (17.0.12+8-LTS-286), built on Jun  5 2024 06:46:59 by "mach5one" with MS VC++ 17.6 (VS2022)

END.
